<?xml version="1.0" encoding="UTF-8"?>
<!-- Generated by org.testng.reporters.JUnitReportReporter -->
<testsuite hostname="stl-samiad" failures="0" tests="1" name="TravelMoneyCardTest" time="20.476" errors="0" timestamp="2020-10-16T11:02:34 AEDT" skipped="0">
  <testcase classname="TravelMoneyCardTest" name="TravelMoneyCard" time="20.476"/>
</testsuite> <!-- TravelMoneyCardTest -->
